[main 459c451] hourly commit
 3 files changed, 26 insertions(+), 2 deletions(-)
 create mode 100644 Important Numbers.wiki
To https://github.com/frolickingpotato/vimwiki.git
   59c1823..459c451  main -> main
On branch main
Your branch is up to date with 'origin/main'.

nothing to commit, working tree clean
Everything up-to-date
[main 37cc9dc] hourly commit
 2 files changed, 2 insertions(+)
 create mode 100644 test.wiki
To https://github.com/frolickingpotato/vimwiki.git
   459c451..37cc9dc  main -> main
On branch main
Your branch is up to date with 'origin/main'.

nothing to commit, working tree clean
Everything up-to-date
On branch main
Your branch is up to date with 'origin/main'.

nothing to commit, working tree clean
Everything up-to-date
